# JRE version: OpenJDK Runtime Environment Temurin-21.0.2+13 (21.0.2+13) (build 21.0.2+13-LTS)
# Java VM: OpenJDK 64-Bit Server VM Temurin-21.0.2+13 (21.0.2+13-LTS, mixed mode, emulated-client, sharing, tiered, compressed oops, compressed class ptrs, g1 gc, windows-amd64)
GC Precious Log:
 CardTable entry size: 512
 Card Set container configuration: InlinePtr #cards 4 size 8 Array Of Cards #cards 32 size 80 Howl #buckets 8 coarsen threshold 7372 Howl Bitmap #cards 1024 size 144 coarsen threshold 921 Card regions per heap region 1 cards per card region 8192
 CPUs: 16 total, 16 available
 Memory: 32129M
 Large Page Support: Disabled
 NUMA Support: Disabled
 Compressed Oops: Enabled (Zero based)
 Heap Region Size: 4M
 Heap Min Capacity: 8M
 Heap Initial Capacity: 504M
 Heap Max Capacity: 8036M
 Pre-touch: Disabled
 Parallel Workers: 13
 Concurrent Workers: 3
 Concurrent Refinement Workers: 13
 Periodic GC: Disabled
Heap:
 garbage-first heap   total 131072K, used 104812K [0x0000000609c00000, 0x0000000800000000)
  region size 4096K, 10 young (40960K), 1 survivors (4096K)
 Metaspace       used 92746K, committed 93632K, reserved 1179648K
  class space    used 13027K, committed 13440K, reserved 1048576K
GC Heap History (20 events):
Event: 523.314 GC heap after
{Heap after GC invocations=40 (full 3):
 garbage-first heap   total 122880K, used 46994K [0x0000000609c00000, 0x0000000800000000)
  region size 4096K, 2 young (8192K), 2 survivors (8192K)
 Metaspace       used 90070K, committed 90944K, reserved 1179648K
  class space    used 12809K, committed 13184K, reserved 1048576K
}
Event: 532.257 GC heap before
{Heap before GC invocations=41 (full 3):
 garbage-first heap   total 122880K, used 100242K [0x0000000609c00000, 0x0000000800000000)
  region size 4096K, 15 young (61440K), 2 survivors (8192K)
 Metaspace       used 90491K, committed 91392K, reserved 1179648K
  class space    used 12843K, committed 13248K, reserved 1048576K
}
Event: 532.260 GC heap after
{Heap after GC invocations=42 (full 3):
 garbage-first heap   total 122880K, used 49750K [0x0000000609c00000, 0x0000000800000000)
  region size 4096K, 2 young (8192K), 2 survivors (8192K)
 Metaspace       used 90491K, committed 91392K, reserved 1179648K
  class space    used 12843K, committed 13248K, reserved 1048576K
}
Event: 532.685 GC heap before
{Heap before GC invocations=42 (full 3):
 garbage-first heap   total 122880K, used 98902K [0x0000000609c00000, 0x0000000800000000)
  region size 4096K, 14 young (57344K), 2 survivors (8192K)
 Metaspace       used 90795K, committed 91648K, reserved 1179648K
  class space    used 12869K, committed 13248K, reserved 1048576K
}
Event: 532.687 GC heap after
{Heap after GC invocations=43 (full 3):
 garbage-first heap   total 122880K, used 52673K [0x0000000609c00000, 0x0000000800000000)
  region size 4096K, 2 young (8192K), 2 survivors (8192K)
 Metaspace       used 90795K, committed 91648K, reserved 1179648K
  class space    used 12869K, committed 13248K, reserved 1048576K
}
Event: 554.909 GC heap before
{Heap before GC invocations=43 (full 3):
 garbage-first heap   total 122880K, used 97729K [0x0000000609c00000, 0x0000000800000000)
  region size 4096K, 14 young (57344K), 2 survivors (8192K)
 Metaspace       used 91157K, committed 92032K, reserved 1179648K
  class space    used 12898K, committed 13312K, reserved 1048576K
}
Event: 554.911 GC heap after
{Heap after GC invocations=44 (full 3):
 garbage-first heap   total 122880K, used 54189K [0x0000000609c00000, 0x0000000800000000)
  region size 4096K, 2 young (8192K), 2 survivors (8192K)
 Metaspace       used 91157K, committed 92032K, reserved 1179648K
  class space    used 12898K, committed 13312K, reserved 1048576K
}
Event: 555.360 GC heap before
{Heap before GC invocations=45 (full 3):
 garbage-first heap   total 122880K, used 103341K [0x0000000609c00000, 0x0000000800000000)
  region size 4096K, 14 young (57344K), 2 survivors (8192K)
 Metaspace       used 91444K, committed 92416K, reserved 1179648K
  class space    used 12921K, committed 13376K, reserved 1048576K
}
Event: 555.362 GC heap after
{Heap after GC invocations=46 (full 3):
 garbage-first heap   total 122880K, used 57932K [0x0000000609c00000, 0x0000000800000000)
  region size 4096K, 2 young (8192K), 2 survivors (8192K)
 Metaspace       used 91444K, committed 92416K, reserved 1179648K
  class space    used 12921K, committed 13376K, reserved 1048576K
}
Event: 560.214 GC heap before
{Heap before GC invocations=46 (full 3):
 garbage-first heap   total 122880K, used 102988K [0x0000000609c00000, 0x0000000800000000)
  region size 4096K, 13 young (53248K), 2 survivors (8192K)
 Metaspace       used 91728K, committed 92672K, reserved 1179648K
  class space    used 12946K, committed 13376K, reserved 1048576K
}
Event: 560.217 GC heap after
{Heap after GC invocations=47 (full 3):
 garbage-first heap   total 122880K, used 59271K [0x0000000609c00000, 0x0000000800000000)
  region size 4096K, 2 young (8192K), 2 survivors (8192K)
 Metaspace       used 91728K, committed 92672K, reserved 1179648K
  class space    used 12946K, committed 13376K, reserved 1048576K
}
Event: 561.118 GC heap before
{Heap before GC invocations=48 (full 3):
 garbage-first heap   total 122880K, used 100231K [0x0000000609c00000, 0x0000000800000000)
  region size 4096K, 12 young (49152K), 2 survivors (8192K)
 Metaspace       used 91863K, committed 92736K, reserved 1179648K
  class space    used 12944K, committed 13376K, reserved 1048576K
}
Event: 561.121 GC heap after
{Heap after GC invocations=49 (full 3):
 garbage-first heap   total 122880K, used 62150K [0x0000000609c00000, 0x0000000800000000)
  region size 4096K, 2 young (8192K), 2 survivors (8192K)
 Metaspace       used 91863K, committed 92736K, reserved 1179648K
  class space    used 12944K, committed 13376K, reserved 1048576K
}
Event: 575.259 GC heap before
{Heap before GC invocations=49 (full 3):
 garbage-first heap   total 122880K, used 103110K [0x0000000609c00000, 0x0000000800000000)
  region size 4096K, 12 young (49152K), 2 survivors (8192K)
 Metaspace       used 92148K, committed 92992K, reserved 1179648K
  class space    used 12974K, committed 13376K, reserved 1048576K
}
Event: 575.262 GC heap after
{Heap after GC invocations=50 (full 3):
 garbage-first heap   total 122880K, used 62958K [0x0000000609c00000, 0x0000000800000000)
  region size 4096K, 2 young (8192K), 2 survivors (8192K)
 Metaspace       used 92148K, committed 92992K, reserved 1179648K
  class space    used 12974K, committed 13376K, reserved 1048576K
}
Event: 575.552 GC heap before
{Heap before GC invocations=50 (full 3):
 garbage-first heap   total 122880K, used 95726K [0x0000000609c00000, 0x0000000800000000)
  region size 4096K, 11 young (45056K), 2 survivors (8192K)
 Metaspace       used 92306K, committed 93248K, reserved 1179648K
  class space    used 12994K, committed 13440K, reserved 1048576K
}
Event: 575.554 GC heap after
{Heap after GC invocations=51 (full 3):
 garbage-first heap   total 122880K, used 65478K [0x0000000609c00000, 0x0000000800000000)
  region size 4096K, 2 young (8192K), 2 survivors (8192K)
 Metaspace       used 92306K, committed 93248K, reserved 1179648K
  class space    used 12994K, committed 13440K, reserved 1048576K
}
Event: 576.085 GC heap before
{Heap before GC invocations=52 (full 3):
 garbage-first heap   total 131072K, used 98246K [0x0000000609c00000, 0x0000000800000000)
  region size 4096K, 10 young (40960K), 2 survivors (8192K)
 Metaspace       used 92720K, committed 93632K, reserved 1179648K
  class space    used 13022K, committed 13440K, reserved 1048576K
}
Event: 576.087 GC heap after
{Heap after GC invocations=53 (full 3):
 garbage-first heap   total 131072K, used 67948K [0x0000000609c00000, 0x0000000800000000)
  region size 4096K, 2 young (8192K), 2 survivors (8192K)
 Metaspace       used 92720K, committed 93632K, reserved 1179648K
  class space    used 13022K, committed 13440K, reserved 1048576K
}
Event: 644.150 GC heap before
{Heap before GC invocations=53 (full 3):
 garbage-first heap   total 131072K, used 104812K [0x0000000609c00000, 0x0000000800000000)
  region size 4096K, 11 young (45056K), 2 survivors (8192K)
 Metaspace       used 92746K, committed 93632K, reserved 1179648K
  class space    used 13027K, committed 13440K, reserved 1048576K
}

