# JRE version: OpenJDK Runtime Environment Temurin-21.0.2+13 (21.0.2+13) (build 21.0.2+13-LTS)
# Java VM: OpenJDK 64-Bit Server VM Temurin-21.0.2+13 (21.0.2+13-LTS, mixed mode, emulated-client, sharing, tiered, compressed oops, compressed class ptrs, g1 gc, windows-amd64)
GC Precious Log:
 CardTable entry size: 512
 Card Set container configuration: InlinePtr #cards 4 size 8 Array Of Cards #cards 32 size 80 Howl #buckets 8 coarsen threshold 7372 Howl Bitmap #cards 1024 size 144 coarsen threshold 921 Card regions per heap region 1 cards per card region 8192
 CPUs: 16 total, 16 available
 Memory: 32129M
 Large Page Support: Disabled
 NUMA Support: Disabled
 Compressed Oops: Enabled (Zero based)
 Heap Region Size: 4M
 Heap Min Capacity: 8M
 Heap Initial Capacity: 504M
 Heap Max Capacity: 8036M
 Pre-touch: Disabled
 Parallel Workers: 13
 Concurrent Workers: 3
 Concurrent Refinement Workers: 13
 Periodic GC: Disabled
Heap:
 garbage-first heap   total 122880K, used 45053K [0x0000000609c00000, 0x0000000800000000)
  region size 4096K, 4 young (16384K), 2 survivors (8192K)
 Metaspace       used 79841K, committed 80704K, reserved 1179648K
  class space    used 11577K, committed 11968K, reserved 1048576K
GC Heap History (20 events):
Event: 3.697 GC heap before
{Heap before GC invocations=16 (full 0):
 garbage-first heap   total 110592K, used 83463K [0x0000000609c00000, 0x0000000800000000)
  region size 4096K, 16 young (65536K), 2 survivors (8192K)
 Metaspace       used 56843K, committed 57472K, reserved 1114112K
  class space    used 7952K, committed 8256K, reserved 1048576K
}
Event: 3.700 GC heap after
{Heap after GC invocations=17 (full 0):
 garbage-first heap   total 110592K, used 27429K [0x0000000609c00000, 0x0000000800000000)
  region size 4096K, 2 young (8192K), 2 survivors (8192K)
 Metaspace       used 56843K, committed 57472K, reserved 1114112K
  class space    used 7952K, committed 8256K, reserved 1048576K
}
Event: 4.126 GC heap before
{Heap before GC invocations=17 (full 0):
 garbage-first heap   total 110592K, used 84773K [0x0000000609c00000, 0x0000000800000000)
  region size 4096K, 16 young (65536K), 2 survivors (8192K)
 Metaspace       used 62091K, committed 62784K, reserved 1114112K
  class space    used 8696K, committed 9024K, reserved 1048576K
}
Event: 4.129 GC heap after
{Heap after GC invocations=18 (full 0):
 garbage-first heap   total 110592K, used 28924K [0x0000000609c00000, 0x0000000800000000)
  region size 4096K, 2 young (8192K), 2 survivors (8192K)
 Metaspace       used 62091K, committed 62784K, reserved 1114112K
  class space    used 8696K, committed 9024K, reserved 1048576K
}
Event: 4.454 GC heap before
{Heap before GC invocations=18 (full 0):
 garbage-first heap   total 110592K, used 86268K [0x0000000609c00000, 0x0000000800000000)
  region size 4096K, 16 young (65536K), 2 survivors (8192K)
 Metaspace       used 66639K, committed 67264K, reserved 1114112K
  class space    used 9439K, committed 9728K, reserved 1048576K
}
Event: 4.456 GC heap after
{Heap after GC invocations=19 (full 0):
 garbage-first heap   total 110592K, used 31487K [0x0000000609c00000, 0x0000000800000000)
  region size 4096K, 2 young (8192K), 2 survivors (8192K)
 Metaspace       used 66639K, committed 67264K, reserved 1114112K
  class space    used 9439K, committed 9728K, reserved 1048576K
}
Event: 4.622 GC heap before
{Heap before GC invocations=19 (full 0):
 garbage-first heap   total 110592K, used 84735K [0x0000000609c00000, 0x0000000800000000)
  region size 4096K, 16 young (65536K), 2 survivors (8192K)
 Metaspace       used 68155K, committed 68864K, reserved 1114112K
  class space    used 9789K, committed 10112K, reserved 1048576K
}
Event: 4.624 GC heap after
{Heap after GC invocations=20 (full 0):
 garbage-first heap   total 110592K, used 34896K [0x0000000609c00000, 0x0000000800000000)
  region size 4096K, 2 young (8192K), 2 survivors (8192K)
 Metaspace       used 68155K, committed 68864K, reserved 1114112K
  class space    used 9789K, committed 10112K, reserved 1048576K
}
Event: 4.770 GC heap before
{Heap before GC invocations=20 (full 0):
 garbage-first heap   total 110592K, used 92240K [0x0000000609c00000, 0x0000000800000000)
  region size 4096K, 16 young (65536K), 2 survivors (8192K)
 Metaspace       used 69897K, committed 70592K, reserved 1114112K
  class space    used 10070K, committed 10368K, reserved 1048576K
}
Event: 4.772 GC heap after
{Heap after GC invocations=21 (full 0):
 garbage-first heap   total 110592K, used 34839K [0x0000000609c00000, 0x0000000800000000)
  region size 4096K, 1 young (4096K), 1 survivors (4096K)
 Metaspace       used 69897K, committed 70592K, reserved 1114112K
  class space    used 10070K, committed 10368K, reserved 1048576K
}
Event: 5.183 GC heap before
{Heap before GC invocations=21 (full 0):
 garbage-first heap   total 110592K, used 96279K [0x0000000609c00000, 0x0000000800000000)
  region size 4096K, 16 young (65536K), 1 survivors (4096K)
 Metaspace       used 73771K, committed 74560K, reserved 1114112K
  class space    used 10702K, committed 11072K, reserved 1048576K
}
Event: 5.186 GC heap after
{Heap after GC invocations=22 (full 0):
 garbage-first heap   total 315392K, used 38747K [0x0000000609c00000, 0x0000000800000000)
  region size 4096K, 2 young (8192K), 2 survivors (8192K)
 Metaspace       used 73771K, committed 74560K, reserved 1114112K
  class space    used 10702K, committed 11072K, reserved 1048576K
}
Event: 9.183 GC heap before
{Heap before GC invocations=22 (full 0):
 garbage-first heap   total 315392K, used 120667K [0x0000000609c00000, 0x0000000800000000)
  region size 4096K, 23 young (94208K), 2 survivors (8192K)
 Metaspace       used 78697K, committed 79552K, reserved 1179648K
  class space    used 11468K, committed 11840K, reserved 1048576K
}
Event: 9.219 GC heap after
{Heap after GC invocations=23 (full 1):
 garbage-first heap   total 139264K, used 34202K [0x0000000609c00000, 0x0000000800000000)
  region size 4096K, 0 young (0K), 0 survivors (0K)
 Metaspace       used 78686K, committed 79552K, reserved 1179648K
  class space    used 11467K, committed 11840K, reserved 1048576K
}
Event: 10.052 GC heap before
{Heap before GC invocations=23 (full 1):
 garbage-first heap   total 139264K, used 116122K [0x0000000609c00000, 0x0000000800000000)
  region size 4096K, 20 young (81920K), 0 survivors (0K)
 Metaspace       used 79206K, committed 80064K, reserved 1179648K
  class space    used 11514K, committed 11904K, reserved 1048576K
}
Event: 10.055 GC heap after
{Heap after GC invocations=24 (full 1):
 garbage-first heap   total 139264K, used 41012K [0x0000000609c00000, 0x0000000800000000)
  region size 4096K, 2 young (8192K), 2 survivors (8192K)
 Metaspace       used 79206K, committed 80064K, reserved 1179648K
  class space    used 11514K, committed 11904K, reserved 1048576K
}
Event: 14.771 GC heap before
{Heap before GC invocations=24 (full 1):
 garbage-first heap   total 139264K, used 81972K [0x0000000609c00000, 0x0000000800000000)
  region size 4096K, 13 young (53248K), 2 survivors (8192K)
 Metaspace       used 79318K, committed 80192K, reserved 1179648K
  class space    used 11524K, committed 11904K, reserved 1048576K
}
Event: 14.828 GC heap after
{Heap after GC invocations=25 (full 2):
 garbage-first heap   total 122880K, used 34754K [0x0000000609c00000, 0x0000000800000000)
  region size 4096K, 0 young (0K), 0 survivors (0K)
 Metaspace       used 79305K, committed 80192K, reserved 1179648K
  class space    used 11522K, committed 11904K, reserved 1048576K
}
Event: 15.468 GC heap before
{Heap before GC invocations=25 (full 2):
 garbage-first heap   total 122880K, used 104386K [0x0000000609c00000, 0x0000000800000000)
  region size 4096K, 18 young (73728K), 0 survivors (0K)
 Metaspace       used 79708K, committed 80576K, reserved 1179648K
  class space    used 11566K, committed 11968K, reserved 1048576K
}
Event: 15.470 GC heap after
{Heap after GC invocations=26 (full 2):
 garbage-first heap   total 122880K, used 40957K [0x0000000609c00000, 0x0000000800000000)
  region size 4096K, 2 young (8192K), 2 survivors (8192K)
 Metaspace       used 79708K, committed 80576K, reserved 1179648K
  class space    used 11566K, committed 11968K, reserved 1048576K
}

