# JRE version: OpenJDK Runtime Environment Temurin-21.0.2+13 (21.0.2+13) (build 21.0.2+13-LTS)
# Java VM: OpenJDK 64-Bit Server VM Temurin-21.0.2+13 (21.0.2+13-LTS, mixed mode, emulated-client, sharing, tiered, compressed oops, compressed class ptrs, g1 gc, windows-amd64)
GC Precious Log:
 CardTable entry size: 512
 Card Set container configuration: InlinePtr #cards 4 size 8 Array Of Cards #cards 32 size 80 Howl #buckets 8 coarsen threshold 7372 Howl Bitmap #cards 1024 size 144 coarsen threshold 921 Card regions per heap region 1 cards per card region 8192
 CPUs: 16 total, 16 available
 Memory: 32129M
 Large Page Support: Disabled
 NUMA Support: Disabled
 Compressed Oops: Enabled (Zero based)
 Heap Region Size: 4M
 Heap Min Capacity: 8M
 Heap Initial Capacity: 504M
 Heap Max Capacity: 8036M
 Pre-touch: Disabled
 Parallel Workers: 13
 Concurrent Workers: 3
 Concurrent Refinement Workers: 13
 Periodic GC: Disabled
Heap:
 garbage-first heap   total 110592K, used 85706K [0x0000000609c00000, 0x0000000800000000)
  region size 4096K, 10 young (40960K), 1 survivors (4096K)
 Metaspace       used 85058K, committed 85888K, reserved 1179648K
  class space    used 11887K, committed 12224K, reserved 1048576K
GC Heap History (20 events):
Event: 843.554 GC heap after
{Heap after GC invocations=34 (full 5):
 garbage-first heap   total 110592K, used 36288K [0x0000000609c00000, 0x0000000800000000)
  region size 4096K, 2 young (8192K), 2 survivors (8192K)
 Metaspace       used 83019K, committed 83968K, reserved 1179648K
  class space    used 11677K, committed 12160K, reserved 1048576K
}
Event: 886.079 GC heap before
{Heap before GC invocations=34 (full 5):
 garbage-first heap   total 110592K, used 89536K [0x0000000609c00000, 0x0000000800000000)
  region size 4096K, 15 young (61440K), 2 survivors (8192K)
 Metaspace       used 83358K, committed 84224K, reserved 1179648K
  class space    used 11708K, committed 12160K, reserved 1048576K
}
Event: 886.081 GC heap after
{Heap after GC invocations=35 (full 5):
 garbage-first heap   total 110592K, used 39054K [0x0000000609c00000, 0x0000000800000000)
  region size 4096K, 2 young (8192K), 2 survivors (8192K)
 Metaspace       used 83358K, committed 84224K, reserved 1179648K
  class space    used 11708K, committed 12160K, reserved 1048576K
}
Event: 937.392 GC heap before
{Heap before GC invocations=35 (full 5):
 garbage-first heap   total 110592K, used 47246K [0x0000000609c00000, 0x0000000800000000)
  region size 4096K, 5 young (20480K), 2 survivors (8192K)
 Metaspace       used 83371K, committed 84288K, reserved 1179648K
  class space    used 11710K, committed 12160K, reserved 1048576K
}
Event: 937.455 GC heap after
{Heap after GC invocations=36 (full 6):
 garbage-first heap   total 110592K, used 31356K [0x0000000609c00000, 0x0000000800000000)
  region size 4096K, 0 young (0K), 0 survivors (0K)
 Metaspace       used 83362K, committed 84288K, reserved 1179648K
  class space    used 11709K, committed 12160K, reserved 1048576K
}
Event: 937.913 GC heap before
{Heap before GC invocations=36 (full 6):
 garbage-first heap   total 110592K, used 84604K [0x0000000609c00000, 0x0000000800000000)
  region size 4096K, 14 young (57344K), 0 survivors (0K)
 Metaspace       used 83508K, committed 84352K, reserved 1179648K
  class space    used 11730K, committed 12160K, reserved 1048576K
}
Event: 937.915 GC heap after
{Heap after GC invocations=37 (full 6):
 garbage-first heap   total 110592K, used 36294K [0x0000000609c00000, 0x0000000800000000)
  region size 4096K, 2 young (8192K), 2 survivors (8192K)
 Metaspace       used 83508K, committed 84352K, reserved 1179648K
  class space    used 11730K, committed 12160K, reserved 1048576K
}
Event: 946.989 GC heap before
{Heap before GC invocations=37 (full 6):
 garbage-first heap   total 110592K, used 85446K [0x0000000609c00000, 0x0000000800000000)
  region size 4096K, 14 young (57344K), 2 survivors (8192K)
 Metaspace       used 83897K, committed 84736K, reserved 1179648K
  class space    used 11768K, committed 12160K, reserved 1048576K
}
Event: 946.992 GC heap after
{Heap after GC invocations=38 (full 6):
 garbage-first heap   total 110592K, used 39053K [0x0000000609c00000, 0x0000000800000000)
  region size 4096K, 1 young (4096K), 1 survivors (4096K)
 Metaspace       used 83897K, committed 84736K, reserved 1179648K
  class space    used 11768K, committed 12160K, reserved 1048576K
}
Event: 1022.969 GC heap before
{Heap before GC invocations=38 (full 6):
 garbage-first heap   total 110592K, used 92301K [0x0000000609c00000, 0x0000000800000000)
  region size 4096K, 14 young (57344K), 1 survivors (4096K)
 Metaspace       used 84205K, committed 85056K, reserved 1179648K
  class space    used 11795K, committed 12160K, reserved 1048576K
}
Event: 1022.971 GC heap after
{Heap after GC invocations=39 (full 6):
 garbage-first heap   total 110592K, used 39760K [0x0000000609c00000, 0x0000000800000000)
  region size 4096K, 2 young (8192K), 2 survivors (8192K)
 Metaspace       used 84205K, committed 85056K, reserved 1179648K
  class space    used 11795K, committed 12160K, reserved 1048576K
}
Event: 1151.517 GC heap before
{Heap before GC invocations=39 (full 6):
 garbage-first heap   total 110592K, used 84816K [0x0000000609c00000, 0x0000000800000000)
  region size 4096K, 13 young (53248K), 2 survivors (8192K)
 Metaspace       used 84248K, committed 85056K, reserved 1179648K
  class space    used 11807K, committed 12160K, reserved 1048576K
}
Event: 1151.519 GC heap after
{Heap after GC invocations=40 (full 6):
 garbage-first heap   total 110592K, used 41568K [0x0000000609c00000, 0x0000000800000000)
  region size 4096K, 1 young (4096K), 1 survivors (4096K)
 Metaspace       used 84248K, committed 85056K, reserved 1179648K
  class space    used 11807K, committed 12160K, reserved 1048576K
}
Event: 1151.970 GC heap before
{Heap before GC invocations=40 (full 6):
 garbage-first heap   total 110592K, used 86624K [0x0000000609c00000, 0x0000000800000000)
  region size 4096K, 13 young (53248K), 1 survivors (4096K)
 Metaspace       used 84508K, committed 85376K, reserved 1179648K
  class space    used 11834K, committed 12224K, reserved 1048576K
}
Event: 1151.971 GC heap after
{Heap after GC invocations=41 (full 6):
 garbage-first heap   total 110592K, used 44448K [0x0000000609c00000, 0x0000000800000000)
  region size 4096K, 2 young (8192K), 2 survivors (8192K)
 Metaspace       used 84508K, committed 85376K, reserved 1179648K
  class space    used 11834K, committed 12224K, reserved 1048576K
}
Event: 1170.135 GC heap before
{Heap before GC invocations=41 (full 6):
 garbage-first heap   total 110592K, used 81312K [0x0000000609c00000, 0x0000000800000000)
  region size 4096K, 12 young (49152K), 2 survivors (8192K)
 Metaspace       used 84721K, committed 85568K, reserved 1179648K
  class space    used 11858K, committed 12224K, reserved 1048576K
}
Event: 1170.137 GC heap after
{Heap after GC invocations=42 (full 6):
 garbage-first heap   total 110592K, used 46199K [0x0000000609c00000, 0x0000000800000000)
  region size 4096K, 2 young (8192K), 2 survivors (8192K)
 Metaspace       used 84721K, committed 85568K, reserved 1179648K
  class space    used 11858K, committed 12224K, reserved 1048576K
}
Event: 1170.473 GC heap before
{Heap before GC invocations=42 (full 6):
 garbage-first heap   total 110592K, used 83063K [0x0000000609c00000, 0x0000000800000000)
  region size 4096K, 11 young (45056K), 2 survivors (8192K)
 Metaspace       used 84967K, committed 85824K, reserved 1179648K
  class space    used 11880K, committed 12224K, reserved 1048576K
}
Event: 1170.476 GC heap after
{Heap after GC invocations=43 (full 6):
 garbage-first heap   total 110592K, used 48842K [0x0000000609c00000, 0x0000000800000000)
  region size 4096K, 2 young (8192K), 2 survivors (8192K)
 Metaspace       used 84967K, committed 85824K, reserved 1179648K
  class space    used 11880K, committed 12224K, reserved 1048576K
}
Event: 1290.125 GC heap before
{Heap before GC invocations=43 (full 6):
 garbage-first heap   total 110592K, used 85706K [0x0000000609c00000, 0x0000000800000000)
  region size 4096K, 11 young (45056K), 2 survivors (8192K)
 Metaspace       used 85058K, committed 85888K, reserved 1179648K
  class space    used 11887K, committed 12224K, reserved 1048576K
}

