# JRE version: OpenJDK Runtime Environment Temurin-21.0.2+13 (21.0.2+13) (build 21.0.2+13-LTS)
# Java VM: OpenJDK 64-Bit Server VM Temurin-21.0.2+13 (21.0.2+13-LTS, mixed mode, emulated-client, sharing, tiered, compressed oops, compressed class ptrs, g1 gc, windows-amd64)
GC Precious Log:
 CardTable entry size: 512
 Card Set container configuration: InlinePtr #cards 4 size 8 Array Of Cards #cards 32 size 80 Howl #buckets 8 coarsen threshold 7372 Howl Bitmap #cards 1024 size 144 coarsen threshold 921 Card regions per heap region 1 cards per card region 8192
 CPUs: 16 total, 16 available
 Memory: 32129M
 Large Page Support: Disabled
 NUMA Support: Disabled
 Compressed Oops: Enabled (Zero based)
 Heap Region Size: 4M
 Heap Min Capacity: 8M
 Heap Initial Capacity: 504M
 Heap Max Capacity: 8036M
 Pre-touch: Disabled
 Parallel Workers: 13
 Concurrent Workers: 3
 Concurrent Refinement Workers: 13
 Periodic GC: Disabled
Heap:
 garbage-first heap   total 151552K, used 124187K [0x0000000609c00000, 0x0000000800000000)
  region size 4096K, 22 young (90112K), 2 survivors (8192K)
 Metaspace       used 91270K, committed 92096K, reserved 1179648K
  class space    used 13144K, committed 13504K, reserved 1048576K
GC Heap History (20 events):
Event: 9.184 GC heap after
{Heap after GC invocations=23 (full 0):
 garbage-first heap   total 163840K, used 45132K [0x0000000609c00000, 0x0000000800000000)
  region size 4096K, 3 young (12288K), 3 survivors (12288K)
 Metaspace       used 83030K, committed 83968K, reserved 1179648K
  class space    used 12101K, committed 12544K, reserved 1048576K
}
Event: 47.467 GC heap before
{Heap before GC invocations=23 (full 0):
 garbage-first heap   total 163840K, used 127052K [0x0000000609c00000, 0x0000000800000000)
  region size 4096K, 24 young (98304K), 3 survivors (12288K)
 Metaspace       used 88893K, committed 89856K, reserved 1179648K
  class space    used 12881K, committed 13312K, reserved 1048576K
}
Event: 47.473 GC heap after
{Heap after GC invocations=24 (full 0):
 garbage-first heap   total 163840K, used 48499K [0x0000000609c00000, 0x0000000800000000)
  region size 4096K, 3 young (12288K), 3 survivors (12288K)
 Metaspace       used 88893K, committed 89856K, reserved 1179648K
  class space    used 12881K, committed 13312K, reserved 1048576K
}
Event: 825.708 GC heap before
{Heap before GC invocations=24 (full 0):
 garbage-first heap   total 163840K, used 134515K [0x0000000609c00000, 0x0000000800000000)
  region size 4096K, 24 young (98304K), 3 survivors (12288K)
 Metaspace       used 89287K, committed 90304K, reserved 1179648K
  class space    used 12944K, committed 13376K, reserved 1048576K
}
Event: 825.712 GC heap after
{Heap after GC invocations=25 (full 0):
 garbage-first heap   total 163840K, used 48848K [0x0000000609c00000, 0x0000000800000000)
  region size 4096K, 1 young (4096K), 1 survivors (4096K)
 Metaspace       used 89287K, committed 90304K, reserved 1179648K
  class space    used 12944K, committed 13376K, reserved 1048576K
}
Event: 1836.271 GC heap before
{Heap before GC invocations=25 (full 0):
 garbage-first heap   total 163840K, used 143056K [0x0000000609c00000, 0x0000000800000000)
  region size 4096K, 24 young (98304K), 1 survivors (4096K)
 Metaspace       used 89438K, committed 90432K, reserved 1179648K
  class space    used 12963K, committed 13376K, reserved 1048576K
}
Event: 1836.274 GC heap after
{Heap after GC invocations=26 (full 0):
 garbage-first heap   total 163840K, used 48824K [0x0000000609c00000, 0x0000000800000000)
  region size 4096K, 1 young (4096K), 1 survivors (4096K)
 Metaspace       used 89438K, committed 90432K, reserved 1179648K
  class space    used 12963K, committed 13376K, reserved 1048576K
}
Event: 1961.320 GC heap before
{Heap before GC invocations=27 (full 0):
 garbage-first heap   total 163840K, used 65208K [0x0000000609c00000, 0x0000000800000000)
  region size 4096K, 6 young (24576K), 1 survivors (4096K)
 Metaspace       used 89218K, committed 90432K, reserved 1179648K
  class space    used 12890K, committed 13376K, reserved 1048576K
}
Event: 1961.359 GC heap after
{Heap after GC invocations=28 (full 1):
 garbage-first heap   total 151552K, used 34042K [0x0000000609c00000, 0x0000000800000000)
  region size 4096K, 0 young (0K), 0 survivors (0K)
 Metaspace       used 89148K, committed 90432K, reserved 1179648K
  class space    used 12871K, committed 13376K, reserved 1048576K
}
Event: 1969.880 GC heap before
{Heap before GC invocations=28 (full 1):
 garbage-first heap   total 151552K, used 124154K [0x0000000609c00000, 0x0000000800000000)
  region size 4096K, 22 young (90112K), 0 survivors (0K)
 Metaspace       used 89831K, committed 90624K, reserved 1179648K
  class space    used 12981K, committed 13376K, reserved 1048576K
}
Event: 1969.883 GC heap after
{Heap after GC invocations=29 (full 1):
 garbage-first heap   total 151552K, used 39498K [0x0000000609c00000, 0x0000000800000000)
  region size 4096K, 2 young (8192K), 2 survivors (8192K)
 Metaspace       used 89831K, committed 90624K, reserved 1179648K
  class space    used 12981K, committed 13376K, reserved 1048576K
}
Event: 1992.701 GC heap before
{Heap before GC invocations=30 (full 1):
 garbage-first heap   total 151552K, used 117322K [0x0000000609c00000, 0x0000000800000000)
  region size 4096K, 21 young (86016K), 2 survivors (8192K)
 Metaspace       used 90213K, committed 91008K, reserved 1179648K
  class space    used 13016K, committed 13376K, reserved 1048576K
}
Event: 1992.704 GC heap after
{Heap after GC invocations=31 (full 1):
 garbage-first heap   total 151552K, used 39856K [0x0000000609c00000, 0x0000000800000000)
  region size 4096K, 2 young (8192K), 2 survivors (8192K)
 Metaspace       used 90213K, committed 91008K, reserved 1179648K
  class space    used 13016K, committed 13376K, reserved 1048576K
}
Event: 2082.021 GC heap before
{Heap before GC invocations=31 (full 1):
 garbage-first heap   total 151552K, used 117680K [0x0000000609c00000, 0x0000000800000000)
  region size 4096K, 21 young (86016K), 2 survivors (8192K)
 Metaspace       used 90504K, committed 91264K, reserved 1179648K
  class space    used 13052K, committed 13376K, reserved 1048576K
}
Event: 2082.025 GC heap after
{Heap after GC invocations=32 (full 1):
 garbage-first heap   total 151552K, used 39976K [0x0000000609c00000, 0x0000000800000000)
  region size 4096K, 2 young (8192K), 2 survivors (8192K)
 Metaspace       used 90504K, committed 91264K, reserved 1179648K
  class space    used 13052K, committed 13376K, reserved 1048576K
}
Event: 2090.297 GC heap before
{Heap before GC invocations=32 (full 1):
 garbage-first heap   total 151552K, used 117800K [0x0000000609c00000, 0x0000000800000000)
  region size 4096K, 22 young (90112K), 2 survivors (8192K)
 Metaspace       used 90850K, committed 91648K, reserved 1179648K
  class space    used 13092K, committed 13440K, reserved 1048576K
}
Event: 2090.300 GC heap after
{Heap after GC invocations=33 (full 1):
 garbage-first heap   total 151552K, used 41019K [0x0000000609c00000, 0x0000000800000000)
  region size 4096K, 2 young (8192K), 2 survivors (8192K)
 Metaspace       used 90850K, committed 91648K, reserved 1179648K
  class space    used 13092K, committed 13440K, reserved 1048576K
}
Event: 2110.994 GC heap before
{Heap before GC invocations=34 (full 1):
 garbage-first heap   total 151552K, used 122939K [0x0000000609c00000, 0x0000000800000000)
  region size 4096K, 22 young (90112K), 2 survivors (8192K)
 Metaspace       used 91152K, committed 91968K, reserved 1179648K
  class space    used 13126K, committed 13504K, reserved 1048576K
}
Event: 2110.997 GC heap after
{Heap after GC invocations=35 (full 1):
 garbage-first heap   total 151552K, used 42267K [0x0000000609c00000, 0x0000000800000000)
  region size 4096K, 2 young (8192K), 2 survivors (8192K)
 Metaspace       used 91152K, committed 91968K, reserved 1179648K
  class space    used 13126K, committed 13504K, reserved 1048576K
}
Event: 2268.876 GC heap before
{Heap before GC invocations=35 (full 1):
 garbage-first heap   total 151552K, used 124187K [0x0000000609c00000, 0x0000000800000000)
  region size 4096K, 22 young (90112K), 2 survivors (8192K)
 Metaspace       used 91270K, committed 92096K, reserved 1179648K
  class space    used 13144K, committed 13504K, reserved 1048576K
}

