# JRE version: OpenJDK Runtime Environment Temurin-21.0.2+13 (21.0.2+13) (build 21.0.2+13-LTS)
# Java VM: OpenJDK 64-Bit Server VM Temurin-21.0.2+13 (21.0.2+13-LTS, mixed mode, emulated-client, sharing, tiered, compressed oops, compressed class ptrs, g1 gc, windows-amd64)
GC Precious Log:
 CardTable entry size: 512
 Card Set container configuration: InlinePtr #cards 4 size 8 Array Of Cards #cards 32 size 80 Howl #buckets 8 coarsen threshold 7372 Howl Bitmap #cards 1024 size 144 coarsen threshold 921 Card regions per heap region 1 cards per card region 8192
 CPUs: 16 total, 16 available
 Memory: 32129M
 Large Page Support: Disabled
 NUMA Support: Disabled
 Compressed Oops: Enabled (Zero based)
 Heap Region Size: 4M
 Heap Min Capacity: 8M
 Heap Initial Capacity: 504M
 Heap Max Capacity: 8036M
 Pre-touch: Disabled
 Parallel Workers: 13
 Concurrent Workers: 3
 Concurrent Refinement Workers: 13
 Periodic GC: Disabled
Heap:
 garbage-first heap   total 118784K, used 96560K [0x0000000609c00000, 0x0000000800000000)
  region size 4096K, 10 young (40960K), 2 survivors (8192K)
 Metaspace       used 91024K, committed 91968K, reserved 1179648K
  class space    used 12923K, committed 13376K, reserved 1048576K
GC Heap History (20 events):
Event: 13395.849 GC heap after
{Heap after GC invocations=40 (full 5):
 garbage-first heap   total 110592K, used 47871K [0x0000000609c00000, 0x0000000800000000)
  region size 4096K, 2 young (8192K), 2 survivors (8192K)
 Metaspace       used 88958K, committed 89856K, reserved 1179648K
  class space    used 12744K, committed 13184K, reserved 1048576K
}
Event: 13401.711 GC heap before
{Heap before GC invocations=40 (full 5):
 garbage-first heap   total 110592K, used 88831K [0x0000000609c00000, 0x0000000800000000)
  region size 4096K, 12 young (49152K), 2 survivors (8192K)
 Metaspace       used 89346K, committed 90176K, reserved 1179648K
  class space    used 12777K, committed 13184K, reserved 1048576K
}
Event: 13401.713 GC heap after
{Heap after GC invocations=41 (full 5):
 garbage-first heap   total 110592K, used 50087K [0x0000000609c00000, 0x0000000800000000)
  region size 4096K, 2 young (8192K), 2 survivors (8192K)
 Metaspace       used 89346K, committed 90176K, reserved 1179648K
  class space    used 12777K, committed 13184K, reserved 1048576K
}
Event: 13401.969 GC heap before
{Heap before GC invocations=41 (full 5):
 garbage-first heap   total 110592K, used 86951K [0x0000000609c00000, 0x0000000800000000)
  region size 4096K, 11 young (45056K), 2 survivors (8192K)
 Metaspace       used 89454K, committed 90368K, reserved 1179648K
  class space    used 12786K, committed 13248K, reserved 1048576K
}
Event: 13401.971 GC heap after
{Heap after GC invocations=42 (full 5):
 garbage-first heap   total 110592K, used 52432K [0x0000000609c00000, 0x0000000800000000)
  region size 4096K, 2 young (8192K), 2 survivors (8192K)
 Metaspace       used 89454K, committed 90368K, reserved 1179648K
  class space    used 12786K, committed 13248K, reserved 1048576K
}
Event: 13452.682 GC heap before
{Heap before GC invocations=42 (full 5):
 garbage-first heap   total 110592K, used 89296K [0x0000000609c00000, 0x0000000800000000)
  region size 4096K, 11 young (45056K), 2 survivors (8192K)
 Metaspace       used 89792K, committed 90688K, reserved 1179648K
  class space    used 12809K, committed 13248K, reserved 1048576K
}
Event: 13452.683 GC heap after
{Heap after GC invocations=43 (full 5):
 garbage-first heap   total 110592K, used 52986K [0x0000000609c00000, 0x0000000800000000)
  region size 4096K, 1 young (4096K), 1 survivors (4096K)
 Metaspace       used 89792K, committed 90688K, reserved 1179648K
  class space    used 12809K, committed 13248K, reserved 1048576K
}
Event: 13452.935 GC heap before
{Heap before GC invocations=43 (full 5):
 garbage-first heap   total 110592K, used 89850K [0x0000000609c00000, 0x0000000800000000)
  region size 4096K, 11 young (45056K), 1 survivors (4096K)
 Metaspace       used 89941K, committed 90816K, reserved 1179648K
  class space    used 12826K, committed 13248K, reserved 1048576K
}
Event: 13452.937 GC heap after
{Heap after GC invocations=44 (full 5):
 garbage-first heap   total 110592K, used 56418K [0x0000000609c00000, 0x0000000800000000)
  region size 4096K, 2 young (8192K), 2 survivors (8192K)
 Metaspace       used 89941K, committed 90816K, reserved 1179648K
  class space    used 12826K, committed 13248K, reserved 1048576K
}
Event: 13479.258 GC heap before
{Heap before GC invocations=45 (full 5):
 garbage-first heap   total 110592K, used 89186K [0x0000000609c00000, 0x0000000800000000)
  region size 4096K, 10 young (40960K), 2 survivors (8192K)
 Metaspace       used 90111K, committed 91008K, reserved 1179648K
  class space    used 12838K, committed 13312K, reserved 1048576K
}
Event: 13479.261 GC heap after
{Heap after GC invocations=46 (full 5):
 garbage-first heap   total 110592K, used 56541K [0x0000000609c00000, 0x0000000800000000)
  region size 4096K, 1 young (4096K), 1 survivors (4096K)
 Metaspace       used 90111K, committed 91008K, reserved 1179648K
  class space    used 12838K, committed 13312K, reserved 1048576K
}
Event: 13503.335 GC heap before
{Heap before GC invocations=46 (full 5):
 garbage-first heap   total 110592K, used 89309K [0x0000000609c00000, 0x0000000800000000)
  region size 4096K, 10 young (40960K), 1 survivors (4096K)
 Metaspace       used 90375K, committed 91264K, reserved 1179648K
  class space    used 12861K, committed 13312K, reserved 1048576K
}
Event: 13503.338 GC heap after
{Heap after GC invocations=47 (full 5):
 garbage-first heap   total 110592K, used 59287K [0x0000000609c00000, 0x0000000800000000)
  region size 4096K, 2 young (8192K), 2 survivors (8192K)
 Metaspace       used 90375K, committed 91264K, reserved 1179648K
  class space    used 12861K, committed 13312K, reserved 1048576K
}
Event: 13503.607 GC heap before
{Heap before GC invocations=47 (full 5):
 garbage-first heap   total 110592K, used 92055K [0x0000000609c00000, 0x0000000800000000)
  region size 4096K, 10 young (40960K), 2 survivors (8192K)
 Metaspace       used 90476K, committed 91392K, reserved 1179648K
  class space    used 12876K, committed 13312K, reserved 1048576K
}
Event: 13503.609 GC heap after
{Heap after GC invocations=48 (full 5):
 garbage-first heap   total 110592K, used 61213K [0x0000000609c00000, 0x0000000800000000)
  region size 4096K, 2 young (8192K), 2 survivors (8192K)
 Metaspace       used 90476K, committed 91392K, reserved 1179648K
  class space    used 12876K, committed 13312K, reserved 1048576K
}
Event: 13510.487 GC heap before
{Heap before GC invocations=49 (full 5):
 garbage-first heap   total 118784K, used 89885K [0x0000000609c00000, 0x0000000800000000)
  region size 4096K, 9 young (36864K), 2 survivors (8192K)
 Metaspace       used 90687K, committed 91584K, reserved 1179648K
  class space    used 12893K, committed 13312K, reserved 1048576K
}
Event: 13510.490 GC heap after
{Heap after GC invocations=50 (full 5):
 garbage-first heap   total 118784K, used 63152K [0x0000000609c00000, 0x0000000800000000)
  region size 4096K, 2 young (8192K), 2 survivors (8192K)
 Metaspace       used 90687K, committed 91584K, reserved 1179648K
  class space    used 12893K, committed 13312K, reserved 1048576K
}
Event: 13510.692 GC heap before
{Heap before GC invocations=50 (full 5):
 garbage-first heap   total 118784K, used 95920K [0x0000000609c00000, 0x0000000800000000)
  region size 4096K, 10 young (40960K), 2 survivors (8192K)
 Metaspace       used 90805K, committed 91776K, reserved 1179648K
  class space    used 12903K, committed 13376K, reserved 1048576K
}
Event: 13510.694 GC heap after
{Heap after GC invocations=51 (full 5):
 garbage-first heap   total 118784K, used 63792K [0x0000000609c00000, 0x0000000800000000)
  region size 4096K, 2 young (8192K), 2 survivors (8192K)
 Metaspace       used 90805K, committed 91776K, reserved 1179648K
  class space    used 12903K, committed 13376K, reserved 1048576K
}
Event: 13543.717 GC heap before
{Heap before GC invocations=51 (full 5):
 garbage-first heap   total 118784K, used 96560K [0x0000000609c00000, 0x0000000800000000)
  region size 4096K, 10 young (40960K), 2 survivors (8192K)
 Metaspace       used 91024K, committed 91968K, reserved 1179648K
  class space    used 12923K, committed 13376K, reserved 1048576K
}

